2023-08-09 15:53:19,705 - allrank.utils.ltr_logging - INFO - created paths container PathsContainer(local_base_output_path='results-new/', base_output_path='results-new/', output_dir='results-new/results\\id-new-externalweb10k', tensorboard_output_path='results-new/tb_evals\\single\\id-new-externalweb10k', config_path='localtemp_config.json')
2023-08-09 15:53:19,705 - allrank.utils.ltr_logging - INFO - Config:
 {'click_model': None,
 'data': DataConfig(path='D:\\Colecoes\\BD\\web10k-norm\\Fold1', num_workers=0, batch_size=20, slate_length=100, validation_ds_role='vali'),
 'detect_anomaly': True,
 'expected_metrics': {'val': {'georisk_10': 0.0,
                              'lndcg_10': 0.0,
                              'lndcg_5': 0.0,
                              'ndcg_10': 0.0,
                              'ndcg_5': 0.0}},
 'loss': NameArgsConfig(name='spearmanLossmulti', args={}),
 'lr_scheduler': NameArgsConfig(name=None, args={'step_size': 800, 'gamma': 0.5}),
 'metrics': defaultdict(<class 'list'>,
                        {'georisk': [10],
                         'lndcg': [5,
                                   10],
                         'lndcg1': [5,
                                    10],
                         'ndcg': [5,
                                  10],
                         'ndcg1': [5,
                                   10]}),
 'model': ModelConfig(fc_model={}, transformer=TransformerConfig(N=2, d_ff=32, h=2, positional_encoding=None, dropout=0.3), post_model={'output_activation': 'Sigmoid', 'd_output': 1}),
 'optimizer': NameArgsConfig(name='Adam', args={'lr': 0.0001}),
 'training': TrainingConfig(epochs=1, gradient_clipping_norm=None, early_stopping_patience=100),
 'val_metric': 'ndcg_10'}
2023-08-09 15:53:19,706 - allrank.utils.ltr_logging - INFO - will execute copy "localtemp_config.json" "results-new/results\id-new-externalweb10k\used_config.json"
2023-08-09 15:53:19,802 - allrank.utils.ltr_logging - INFO - exit_code = 0
2023-08-09 15:53:19,802 - allrank.utils.ltr_logging - INFO - will load train data from D:\Colecoes\BD\web10k-norm\Fold1\Norm.train.txt
2023-08-09 15:53:50,606 - allrank.utils.ltr_logging - INFO - loaded dataset from <_io.BufferedReader name='D:\\Colecoes\\BD\\web10k-norm\\Fold1\\Norm.train.txt'> and got x shape (351100, 136), y shape (351100,) and query_ids shape (351100,)
2023-08-09 15:53:50,906 - allrank.utils.ltr_logging - INFO - loaded dataset with 3511 queries
2023-08-09 15:53:50,906 - allrank.utils.ltr_logging - INFO - longest query had 100 documents
2023-08-09 15:53:50,995 - allrank.utils.ltr_logging - INFO - train DS shape: [3511, 100, 136]
2023-08-09 15:53:50,995 - allrank.utils.ltr_logging - INFO - will load vali data from D:\Colecoes\BD\web10k-norm\Fold1\Norm.vali.txt
2023-08-09 15:53:59,642 - allrank.utils.ltr_logging - INFO - loaded dataset from <_io.BufferedReader name='D:\\Colecoes\\BD\\web10k-norm\\Fold1\\Norm.vali.txt'> and got x shape (112000, 136), y shape (112000,) and query_ids shape (112000,)
2023-08-09 15:53:59,735 - allrank.utils.ltr_logging - INFO - loaded dataset with 1120 queries
2023-08-09 15:53:59,735 - allrank.utils.ltr_logging - INFO - longest query had 100 documents
2023-08-09 15:53:59,764 - allrank.utils.ltr_logging - INFO - vali DS shape: [1120, 100, 136]
2023-08-09 15:53:59,764 - allrank.utils.ltr_logging - INFO - Will pad to the longest slate: 100
2023-08-09 15:53:59,765 - allrank.utils.ltr_logging - INFO - will load test data from D:\Colecoes\BD\web10k-norm\Fold1\Norm.test.txt
2023-08-09 15:54:08,423 - allrank.utils.ltr_logging - INFO - loaded dataset from <_io.BufferedReader name='D:\\Colecoes\\BD\\web10k-norm\\Fold1\\Norm.test.txt'> and got x shape (113300, 136), y shape (113300,) and query_ids shape (113300,)
2023-08-09 15:54:08,540 - allrank.utils.ltr_logging - INFO - loaded dataset with 1133 queries
2023-08-09 15:54:08,540 - allrank.utils.ltr_logging - INFO - longest query had 100 documents
2023-08-09 15:54:08,569 - allrank.utils.ltr_logging - INFO - test DS shape: [1133, 100, 136]
2023-08-09 15:54:08,569 - allrank.utils.ltr_logging - INFO - Will pad to the longest slate: 100
2023-08-09 15:54:08,570 - allrank.utils.ltr_logging - INFO - total batch size is 20
2023-08-09 15:54:08,570 - allrank.utils.ltr_logging - INFO - Model training will execute on cpu
2023-08-09 15:54:08,578 - allrank.utils.ltr_logging - INFO - Model has 168297 trainable parameters
2023-08-09 15:54:08,579 - allrank.utils.ltr_logging - INFO - Current learning rate: 0.0001
