2021-07-06 13:03:40,683 - allrank.utils.ltr_logging - INFO - created paths container PathsContainer(local_base_output_path='results-new/', base_output_path='results-new/', output_dir='results-new/results\\id', tensorboard_output_path='results-new/tb_evals\\single\\id', config_path='localtemp_config.json')
2021-07-06 13:03:40,683 - allrank.utils.ltr_logging - INFO - Config:
 {'click_model': None,
 'data': DataConfig(path='D:\\Colecoes\\BD\\MQ2007\\MQ2007\\Fold1', num_workers=0, batch_size=100, slate_length=100, validation_ds_role='vali'),
 'detect_anomaly': True,
 'expected_metrics': {'val': {'georisk_10': 0.0,
                              'lndcg_10': 0.0,
                              'lndcg_5': 0.0,
                              'ndcg_10': 0.0,
                              'ndcg_5': 0.0}},
 'loss': NameArgsConfig(name='listNet', args={}),
 'lr_scheduler': NameArgsConfig(name='StepLR', args={'step_size': 800, 'gamma': 0.5}),
 'metrics': defaultdict(<class 'list'>,
                        {'georisk': [10],
                         'lndcg': [5,
                                   10],
                         'ndcg': [5,
                                  10]}),
 'model': ModelConfig(fc_model={}, transformer=TransformerConfig(N=2, d_ff=64, h=2, positional_encoding=None, dropout=0.3), post_model={'output_activation': 'Sigmoid', 'd_output': 1}),
 'optimizer': NameArgsConfig(name='Adam', args={'lr': 0.0001}),
 'training': TrainingConfig(epochs=2, gradient_clipping_norm=None, early_stopping_patience=100),
 'val_metric': 'ndcg_10'}
2021-07-06 13:03:40,684 - allrank.utils.ltr_logging - INFO - will execute copy "localtemp_config.json" "results-new/results\id\used_config.json"
2021-07-06 13:03:40,697 - allrank.utils.ltr_logging - INFO - exit_code = 0
2021-07-06 13:03:40,697 - allrank.utils.ltr_logging - INFO - will load train data from D:\Colecoes\BD\MQ2007\MQ2007\Fold1\Norm.train.txt
2021-07-06 13:03:41,873 - allrank.utils.ltr_logging - INFO - loaded dataset from <_io.BufferedReader name='D:\\Colecoes\\BD\\MQ2007\\MQ2007\\Fold1\\Norm.train.txt'> and got x shape (42158, 46), y shape (42158,) and query_ids shape (42158,)
2021-07-06 13:03:41,882 - allrank.utils.ltr_logging - INFO - loaded dataset with 1017 queries
2021-07-06 13:03:41,882 - allrank.utils.ltr_logging - INFO - longest query had 147 documents
2021-07-06 13:03:41,884 - allrank.utils.ltr_logging - INFO - train DS shape: [1017, 147, 46]
2021-07-06 13:03:41,884 - allrank.utils.ltr_logging - INFO - will load vali data from D:\Colecoes\BD\MQ2007\MQ2007\Fold1\Norm.vali.txt
2021-07-06 13:03:42,268 - allrank.utils.ltr_logging - INFO - loaded dataset from <_io.BufferedReader name='D:\\Colecoes\\BD\\MQ2007\\MQ2007\\Fold1\\Norm.vali.txt'> and got x shape (13813, 46), y shape (13813,) and query_ids shape (13813,)
2021-07-06 13:03:42,272 - allrank.utils.ltr_logging - INFO - loaded dataset with 339 queries
2021-07-06 13:03:42,272 - allrank.utils.ltr_logging - INFO - longest query had 88 documents
2021-07-06 13:03:42,273 - allrank.utils.ltr_logging - INFO - vali DS shape: [339, 88, 46]
2021-07-06 13:03:42,273 - allrank.utils.ltr_logging - INFO - Will pad to the longest slate: 88
2021-07-06 13:03:42,273 - allrank.utils.ltr_logging - INFO - will load test data from D:\Colecoes\BD\MQ2007\MQ2007\Fold1\Norm.test.txt
2021-07-06 13:03:42,656 - allrank.utils.ltr_logging - INFO - loaded dataset from <_io.BufferedReader name='D:\\Colecoes\\BD\\MQ2007\\MQ2007\\Fold1\\Norm.test.txt'> and got x shape (13652, 46), y shape (13652,) and query_ids shape (13652,)
2021-07-06 13:03:42,659 - allrank.utils.ltr_logging - INFO - loaded dataset with 336 queries
2021-07-06 13:03:42,659 - allrank.utils.ltr_logging - INFO - longest query had 80 documents
2021-07-06 13:03:42,660 - allrank.utils.ltr_logging - INFO - test DS shape: [336, 80, 46]
2021-07-06 13:03:42,660 - allrank.utils.ltr_logging - INFO - Will pad to the longest slate: 80
2021-07-06 13:03:42,661 - allrank.utils.ltr_logging - INFO - total batch size is 100
2021-07-06 13:03:42,661 - allrank.utils.ltr_logging - INFO - Model training will execute on cpu
2021-07-06 13:03:42,668 - allrank.utils.ltr_logging - INFO - Model has 29799 trainable parameters
2021-07-06 13:03:42,668 - allrank.utils.ltr_logging - INFO - Current learning rate: 0.0001
2021-07-06 13:04:35,118 - allrank.utils.ltr_logging - INFO - Epoch : 0 Train loss: 3.7232329078831854 Val loss: 3.7008080334789986 Train ndcg_5 0.21066412329673767 Train ndcg_10 0.2410522997379303 Train lndcg_5 0.22210626304149628 Train lndcg_10 0.251394659280777 Train georisk_10 0.32329586148262024 Val ndcg_5 0.16154715418815613 Val ndcg_10 0.20992103219032288 Val lndcg_5 0.17027965188026428 Val lndcg_10 0.21717941761016846 Val georisk_10 0.3010061979293823
2021-07-06 13:04:35,118 - allrank.utils.ltr_logging - INFO - Current:0.20992103219032288 Best:0.0
2021-07-06 13:04:38,076 - allrank.utils.ltr_logging - INFO - MY-flag writted predictions - because model is best on validation. Test metrics: {'ndcg_5': 0.1809305355717948, 'ndcg_10': 0.21039556675743606, 'lndcg_5': 0.1899951793676688, 'lndcg_10': 0.21875393041928023} 
2021-07-06 13:04:38,076 - allrank.utils.ltr_logging - INFO - Current learning rate: 0.0001
2021-07-06 13:05:23,897 - allrank.utils.ltr_logging - INFO - Epoch : 1 Train loss: 3.7154795202182105 Val loss: 3.7004236042675367 Train ndcg_5 0.19778801500797272 Train ndcg_10 0.23153747618198395 Train lndcg_5 0.21067458391189575 Train lndcg_10 0.24170485138893127 Train georisk_10 0.32224270701408386 Val ndcg_5 0.18056350946426392 Val ndcg_10 0.22412118315696716 Val lndcg_5 0.18936535716056824 Val lndcg_10 0.2318718135356903 Val georisk_10 0.30955588817596436
2021-07-06 13:05:23,898 - allrank.utils.ltr_logging - INFO - Current:0.22412118315696716 Best:0.20992103219032288
2021-07-06 13:05:25,745 - allrank.utils.ltr_logging - INFO - MY-flag writted predictions - because model is best on validation. Test metrics: {'ndcg_5': 0.19368698292167447, 'ndcg_10': 0.22311418606147126, 'lndcg_5': 0.20328141579307246, 'lndcg_10': 0.23176289793410282} 
2021-07-06 13:05:25,746 - allrank.utils.ltr_logging - INFO - Ending execution. Train Losses:
[3.7232329078831854, 3.7154795202182105]
2021-07-06 13:05:25,746 - allrank.utils.ltr_logging - INFO - Ending execution. Validation Losses (not used to train):
[3.7008080334789986, 3.7004236042675367]
2021-07-06 13:05:25,746 - allrank.utils.ltr_logging - INFO - Ending execution. Train Metrics Evolution:
[{'ndcg_5': 0.21066412, 'ndcg_10': 0.2410523, 'lndcg_5': 0.22210626, 'lndcg_10': 0.25139466, 'georisk_10': 0.32329586}, {'ndcg_5': 0.19778802, 'ndcg_10': 0.23153748, 'lndcg_5': 0.21067458, 'lndcg_10': 0.24170485, 'georisk_10': 0.3222427}]
2021-07-06 13:05:25,746 - allrank.utils.ltr_logging - INFO - Ending execution. Validation Metrics Evolution:
[{'ndcg_5': 0.16154715, 'ndcg_10': 0.20992103, 'lndcg_5': 0.17027965, 'lndcg_10': 0.21717942, 'georisk_10': 0.3010062}, {'ndcg_5': 0.18056351, 'ndcg_10': 0.22412118, 'lndcg_5': 0.18936536, 'lndcg_10': 0.23187181, 'georisk_10': 0.3095559}]
2021-07-06 13:05:25,746 - allrank.utils.ltr_logging - INFO - Ending execution. Test Metrics Evolution:
[{'ndcg_5': 0.1809305355717948, 'ndcg_10': 0.21039556675743606, 'lndcg_5': 0.1899951793676688, 'lndcg_10': 0.21875393041928023}, {'ndcg_5': 0.19368698292167447, 'ndcg_10': 0.22311418606147126, 'lndcg_5': 0.20328141579307246, 'lndcg_10': 0.23176289793410282}]
