2023-08-11 16:48:58,725 - allrank.utils.ltr_logging - INFO - created paths container PathsContainer(local_base_output_path='results-new/', base_output_path='results-new/', output_dir='results-new/results\\analiseordinalweb10k', tensorboard_output_path='results-new/tb_evals\\single\\analiseordinalweb10k', config_path='localtemp_config.json')
2023-08-11 16:48:58,727 - allrank.utils.ltr_logging - INFO - Config:
 {'click_model': None,
 'data': DataConfig(path='D:\\Colecoes\\BD\\web10k-norm\\Fold1', num_workers=0, batch_size=20, slate_length=100, validation_ds_role='vali'),
 'detect_anomaly': True,
 'expected_metrics': {'val': {'georisk_10': 0.0,
                              'lndcg_10': 0.0,
                              'lndcg_5': 0.0,
                              'ndcg_10': 0.0,
                              'ndcg_5': 0.0}},
 'loss': NameArgsConfig(name='ordinal', args={'normalized': 0, 'n': 5}),
 'lr_scheduler': NameArgsConfig(name=None, args={'step_size': 800, 'gamma': 0.5}),
 'metrics': defaultdict(<class 'list'>,
                        {'georisk': [10],
                         'lndcg': [5,
                                   10],
                         'lndcg1': [5,
                                    10],
                         'ndcg': [5,
                                  10],
                         'ndcg1': [5,
                                   10]}),
 'model': ModelConfig(fc_model={}, transformer=TransformerConfig(N=2, d_ff=32, h=2, positional_encoding=None, dropout=0.3), post_model={'output_activation': 'Sigmoid', 'd_output': 5}),
 'optimizer': NameArgsConfig(name='Adam', args={'lr': 0.0001}),
 'training': TrainingConfig(epochs=1, gradient_clipping_norm=None, early_stopping_patience=100),
 'val_metric': 'ndcg_10'}
2023-08-11 16:48:58,728 - allrank.utils.ltr_logging - INFO - will execute copy "localtemp_config.json" "results-new/results\analiseordinalweb10k\used_config.json"
2023-08-11 16:48:58,748 - allrank.utils.ltr_logging - INFO - exit_code = 0
2023-08-11 16:48:58,749 - allrank.utils.ltr_logging - INFO - will load train data from D:\Colecoes\BD\web10k-norm\Fold1\Norm.train.txt
2023-08-11 16:49:32,011 - allrank.utils.ltr_logging - INFO - loaded dataset from <_io.BufferedReader name='D:\\Colecoes\\BD\\web10k-norm\\Fold1\\Norm.train.txt'> and got x shape (351100, 136), y shape (351100,) and query_ids shape (351100,)
2023-08-11 16:49:32,373 - allrank.utils.ltr_logging - INFO - loaded dataset with 3511 queries
2023-08-11 16:49:32,376 - allrank.utils.ltr_logging - INFO - longest query had 100 documents
2023-08-11 16:49:32,526 - allrank.utils.ltr_logging - INFO - train DS shape: [3511, 100, 136]
2023-08-11 16:49:32,527 - allrank.utils.ltr_logging - INFO - will load vali data from D:\Colecoes\BD\web10k-norm\Fold1\Norm.vali.txt
2023-08-11 16:49:41,792 - allrank.utils.ltr_logging - INFO - loaded dataset from <_io.BufferedReader name='D:\\Colecoes\\BD\\web10k-norm\\Fold1\\Norm.vali.txt'> and got x shape (112000, 136), y shape (112000,) and query_ids shape (112000,)
2023-08-11 16:49:41,891 - allrank.utils.ltr_logging - INFO - loaded dataset with 1120 queries
2023-08-11 16:49:41,892 - allrank.utils.ltr_logging - INFO - longest query had 100 documents
2023-08-11 16:49:41,929 - allrank.utils.ltr_logging - INFO - vali DS shape: [1120, 100, 136]
2023-08-11 16:49:41,930 - allrank.utils.ltr_logging - INFO - Will pad to the longest slate: 100
2023-08-11 16:49:41,930 - allrank.utils.ltr_logging - INFO - will load test data from D:\Colecoes\BD\web10k-norm\Fold1\Norm.test.txt
2023-08-11 16:49:51,318 - allrank.utils.ltr_logging - INFO - loaded dataset from <_io.BufferedReader name='D:\\Colecoes\\BD\\web10k-norm\\Fold1\\Norm.test.txt'> and got x shape (113300, 136), y shape (113300,) and query_ids shape (113300,)
2023-08-11 16:49:51,413 - allrank.utils.ltr_logging - INFO - loaded dataset with 1133 queries
2023-08-11 16:49:51,414 - allrank.utils.ltr_logging - INFO - longest query had 100 documents
2023-08-11 16:49:51,446 - allrank.utils.ltr_logging - INFO - test DS shape: [1133, 100, 136]
2023-08-11 16:49:51,447 - allrank.utils.ltr_logging - INFO - Will pad to the longest slate: 100
2023-08-11 16:49:51,447 - allrank.utils.ltr_logging - INFO - total batch size is 20
2023-08-11 16:49:51,448 - allrank.utils.ltr_logging - INFO - Model training will execute on cpu
2023-08-11 16:49:51,455 - allrank.utils.ltr_logging - INFO - Model has 168845 trainable parameters
2023-08-11 16:49:51,457 - allrank.utils.ltr_logging - INFO - Current learning rate: 0.0001
2023-08-11 16:49:51,789 - allrank.utils.ltr_logging - INFO - created paths container PathsContainer(local_base_output_path='results-new/', base_output_path='results-new/', output_dir='results-new/results\\analiseordinalyahoo', tensorboard_output_path='results-new/tb_evals\\single\\analiseordinalyahoo', config_path='localtemp_config.json')
2023-08-11 16:49:51,790 - allrank.utils.ltr_logging - INFO - Config:
 {'click_model': None,
 'data': DataConfig(path='D:\\Colecoes\\BD\\yahoo-c14\\l2r', num_workers=0, batch_size=20, slate_length=100, validation_ds_role='vali'),
 'detect_anomaly': True,
 'expected_metrics': {'val': {'georisk_10': 0.0,
                              'lndcg_10': 0.0,
                              'lndcg_5': 0.0,
                              'ndcg_10': 0.0,
                              'ndcg_5': 0.0}},
 'loss': NameArgsConfig(name='ordinal', args={'normalized': 0, 'n': 5}),
 'lr_scheduler': NameArgsConfig(name=None, args={'step_size': 800, 'gamma': 0.5}),
 'metrics': defaultdict(<class 'list'>,
                        {'georisk': [10],
                         'lndcg': [5,
                                   10],
                         'lndcg1': [5,
                                    10],
                         'ndcg': [5,
                                  10],
                         'ndcg1': [5,
                                   10]}),
 'model': ModelConfig(fc_model={}, transformer=TransformerConfig(N=2, d_ff=32, h=2, positional_encoding=None, dropout=0.3), post_model={'output_activation': 'Sigmoid', 'd_output': 5}),
 'optimizer': NameArgsConfig(name='Adam', args={'lr': 0.0001}),
 'training': TrainingConfig(epochs=1, gradient_clipping_norm=None, early_stopping_patience=100),
 'val_metric': 'ndcg_10'}
2023-08-11 16:49:51,791 - allrank.utils.ltr_logging - INFO - will execute copy "localtemp_config.json" "results-new/results\analiseordinalyahoo\used_config.json"
2023-08-11 16:49:51,812 - allrank.utils.ltr_logging - INFO - exit_code = 0
2023-08-11 16:49:51,813 - allrank.utils.ltr_logging - INFO - will load train data from D:\Colecoes\BD\yahoo-c14\l2r\Norm.train.txt
2023-08-11 16:49:56,331 - allrank.utils.ltr_logging - INFO - loaded dataset from <_io.BufferedReader name='D:\\Colecoes\\BD\\yahoo-c14\\l2r\\Norm.train.txt'> and got x shape (34815, 700), y shape (34815,) and query_ids shape (34815,)
2023-08-11 16:49:56,408 - allrank.utils.ltr_logging - INFO - loaded dataset with 1266 queries
2023-08-11 16:49:56,408 - allrank.utils.ltr_logging - INFO - longest query had 117 documents
2023-08-11 16:49:56,417 - allrank.utils.ltr_logging - INFO - train DS shape: [1266, 117, 700]
2023-08-11 16:49:56,418 - allrank.utils.ltr_logging - INFO - will load vali data from D:\Colecoes\BD\yahoo-c14\l2r\Norm.vali.txt
2023-08-11 16:50:01,492 - allrank.utils.ltr_logging - INFO - loaded dataset from <_io.BufferedReader name='D:\\Colecoes\\BD\\yahoo-c14\\l2r\\Norm.vali.txt'> and got x shape (34881, 700), y shape (34881,) and query_ids shape (34881,)
2023-08-11 16:50:01,551 - allrank.utils.ltr_logging - INFO - loaded dataset with 1266 queries
2023-08-11 16:50:01,552 - allrank.utils.ltr_logging - INFO - longest query had 118 documents
2023-08-11 16:50:01,562 - allrank.utils.ltr_logging - INFO - vali DS shape: [1266, 118, 700]
2023-08-11 16:50:01,563 - allrank.utils.ltr_logging - INFO - Will pad to the longest slate: 118
2023-08-11 16:50:01,563 - allrank.utils.ltr_logging - INFO - will load test data from D:\Colecoes\BD\yahoo-c14\l2r\Norm.test.txt
2023-08-11 16:50:07,383 - allrank.utils.ltr_logging - INFO - loaded dataset from <_io.BufferedReader name='D:\\Colecoes\\BD\\yahoo-c14\\l2r\\Norm.test.txt'> and got x shape (34881, 700), y shape (34881,) and query_ids shape (34881,)
2023-08-11 16:50:07,449 - allrank.utils.ltr_logging - INFO - loaded dataset with 1266 queries
2023-08-11 16:50:07,449 - allrank.utils.ltr_logging - INFO - longest query had 118 documents
2023-08-11 16:50:07,460 - allrank.utils.ltr_logging - INFO - test DS shape: [1266, 118, 700]
2023-08-11 16:50:07,461 - allrank.utils.ltr_logging - INFO - Will pad to the longest slate: 118
2023-08-11 16:50:07,463 - allrank.utils.ltr_logging - INFO - total batch size is 20
2023-08-11 16:50:07,463 - allrank.utils.ltr_logging - INFO - Model training will execute on cpu
2023-08-11 16:50:07,509 - allrank.utils.ltr_logging - INFO - Model has 4027169 trainable parameters
2023-08-11 16:50:07,510 - allrank.utils.ltr_logging - INFO - Current learning rate: 0.0001
2023-08-11 18:52:05,899 - allrank.utils.ltr_logging - INFO - created paths container PathsContainer(local_base_output_path='results-new/', base_output_path='results-new/', output_dir='results-new/results\\analiseordinalweb10k', tensorboard_output_path='results-new/tb_evals\\single\\analiseordinalweb10k', config_path='localtemp_config.json')
2023-08-11 18:52:05,946 - allrank.utils.ltr_logging - INFO - Config:
 {'click_model': None,
 'data': DataConfig(path='D:\\Colecoes\\BD\\web10k-norm\\Fold1', num_workers=0, batch_size=20, slate_length=100, validation_ds_role='vali'),
 'detect_anomaly': True,
 'expected_metrics': {'val': {'georisk_10': 0.0,
                              'lndcg_10': 0.0,
                              'lndcg_5': 0.0,
                              'ndcg_10': 0.0,
                              'ndcg_5': 0.0}},
 'loss': NameArgsConfig(name='ordinal', args={'normalized': 0, 'n': 5}),
 'lr_scheduler': NameArgsConfig(name=None, args={'step_size': 800, 'gamma': 0.5}),
 'metrics': defaultdict(<class 'list'>,
                        {'georisk': [10],
                         'lndcg': [5,
                                   10],
                         'lndcg1': [5,
                                    10],
                         'ndcg': [5,
                                  10],
                         'ndcg1': [5,
                                   10]}),
 'model': ModelConfig(fc_model={}, transformer=TransformerConfig(N=2, d_ff=32, h=2, positional_encoding=None, dropout=0.3), post_model={'output_activation': 'Sigmoid', 'd_output': 5}),
 'optimizer': NameArgsConfig(name='Adam', args={'lr': 0.0001}),
 'training': TrainingConfig(epochs=1, gradient_clipping_norm=None, early_stopping_patience=100),
 'val_metric': 'ndcg_10'}
2023-08-11 18:52:05,946 - allrank.utils.ltr_logging - INFO - will execute copy "localtemp_config.json" "results-new/results\analiseordinalweb10k\used_config.json"
2023-08-11 18:52:05,961 - allrank.utils.ltr_logging - INFO - exit_code = 0
2023-08-11 18:52:05,961 - allrank.utils.ltr_logging - INFO - will load train data from D:\Colecoes\BD\web10k-norm\Fold1\Norm.train.txt
2023-08-11 18:52:34,290 - allrank.utils.ltr_logging - INFO - loaded dataset from <_io.BufferedReader name='D:\\Colecoes\\BD\\web10k-norm\\Fold1\\Norm.train.txt'> and got x shape (351100, 136), y shape (351100,) and query_ids shape (351100,)
2023-08-11 18:52:34,593 - allrank.utils.ltr_logging - INFO - loaded dataset with 3511 queries
2023-08-11 18:52:34,593 - allrank.utils.ltr_logging - INFO - longest query had 100 documents
2023-08-11 18:52:34,680 - allrank.utils.ltr_logging - INFO - train DS shape: [3511, 100, 136]
2023-08-11 18:52:34,680 - allrank.utils.ltr_logging - INFO - will load vali data from D:\Colecoes\BD\web10k-norm\Fold1\Norm.vali.txt
2023-08-11 18:52:43,592 - allrank.utils.ltr_logging - INFO - loaded dataset from <_io.BufferedReader name='D:\\Colecoes\\BD\\web10k-norm\\Fold1\\Norm.vali.txt'> and got x shape (112000, 136), y shape (112000,) and query_ids shape (112000,)
2023-08-11 18:52:43,686 - allrank.utils.ltr_logging - INFO - loaded dataset with 1120 queries
2023-08-11 18:52:43,687 - allrank.utils.ltr_logging - INFO - longest query had 100 documents
2023-08-11 18:52:43,714 - allrank.utils.ltr_logging - INFO - vali DS shape: [1120, 100, 136]
2023-08-11 18:52:43,714 - allrank.utils.ltr_logging - INFO - Will pad to the longest slate: 100
2023-08-11 18:52:43,715 - allrank.utils.ltr_logging - INFO - will load test data from D:\Colecoes\BD\web10k-norm\Fold1\Norm.test.txt
2023-08-11 18:52:52,628 - allrank.utils.ltr_logging - INFO - loaded dataset from <_io.BufferedReader name='D:\\Colecoes\\BD\\web10k-norm\\Fold1\\Norm.test.txt'> and got x shape (113300, 136), y shape (113300,) and query_ids shape (113300,)
2023-08-11 18:52:52,726 - allrank.utils.ltr_logging - INFO - loaded dataset with 1133 queries
2023-08-11 18:52:52,726 - allrank.utils.ltr_logging - INFO - longest query had 100 documents
2023-08-11 18:52:52,754 - allrank.utils.ltr_logging - INFO - test DS shape: [1133, 100, 136]
2023-08-11 18:52:52,754 - allrank.utils.ltr_logging - INFO - Will pad to the longest slate: 100
2023-08-11 18:52:52,755 - allrank.utils.ltr_logging - INFO - total batch size is 20
2023-08-11 18:52:52,755 - allrank.utils.ltr_logging - INFO - Model training will execute on cpu
2023-08-11 18:52:52,762 - allrank.utils.ltr_logging - INFO - Model has 168845 trainable parameters
2023-08-11 18:52:52,763 - allrank.utils.ltr_logging - INFO - Current learning rate: 0.0001
2023-08-11 18:56:54,429 - allrank.utils.ltr_logging - INFO - Epoch : 0 Train loss: 4.202103649099747 Val loss: 3.5811618055616106 Train ndcg_5 0.16237010061740875 Train ndcg_10 0.18938109278678894 Train lndcg_5 0.24904616177082062 Train lndcg_10 0.27547070384025574 Train lndcg1_5 0.24948419630527496 Train lndcg1_10 0.27570778131484985 Train ndcg1_5 0.16255612671375275 Train ndcg1_10 0.18954195082187653 Train georisk_10 0.2642514407634735 Val ndcg_5 0.16407480835914612 Val ndcg_10 0.19182752072811127 Val lndcg_5 0.25196391344070435 Val lndcg_10 0.277774453163147 Val lndcg1_5 0.2537496089935303 Val lndcg1_10 0.27952757477760315 Val ndcg1_5 0.16586056351661682 Val ndcg1_10 0.19361995160579681 Val georisk_10 0.26546427607536316
2023-08-11 18:56:54,430 - allrank.utils.ltr_logging - INFO - Current:0.19182752072811127 Best:0.0
2023-08-11 18:57:08,645 - allrank.utils.ltr_logging - INFO - MY-flag writted predictions - because model is best on validation. Test metrics: {'ndcg_5': 0.17144647309222077, 'ndcg_10': 0.1979962243358512, 'lndcg_5': 0.2603686365985684, 'lndcg_10': 0.2855009772092852, 'lndcg1_5': 0.26125124913166636, 'lndcg1_10': 0.2863835897423832, 'ndcg1_5': 0.17232908562531876, 'ndcg1_10': 0.19887883686894917} 
2023-08-11 18:57:08,646 - allrank.utils.ltr_logging - INFO - Ending execution. Train Losses:
[4.202103649099747]
2023-08-11 18:57:08,646 - allrank.utils.ltr_logging - INFO - Ending execution. Validation Losses (not used to train):
[3.5811618055616106]
2023-08-11 18:57:08,647 - allrank.utils.ltr_logging - INFO - Ending execution. Train Metrics Evolution:
[{'ndcg_5': 0.1623701, 'ndcg_10': 0.1893811, 'lndcg_5': 0.24904616, 'lndcg_10': 0.2754707, 'lndcg1_5': 0.2494842, 'lndcg1_10': 0.27570778, 'ndcg1_5': 0.16255613, 'ndcg1_10': 0.18954195, 'georisk_10': 0.26425144}]
2023-08-11 18:57:08,647 - allrank.utils.ltr_logging - INFO - Ending execution. Validation Metrics Evolution:
[{'ndcg_5': 0.16407481, 'ndcg_10': 0.19182752, 'lndcg_5': 0.2519639, 'lndcg_10': 0.27777445, 'lndcg1_5': 0.2537496, 'lndcg1_10': 0.27952757, 'ndcg1_5': 0.16586056, 'ndcg1_10': 0.19361995, 'georisk_10': 0.26546428}]
2023-08-11 18:57:08,647 - allrank.utils.ltr_logging - INFO - Ending execution. Test Metrics Evolution:
[{'ndcg_5': 0.17144647309222077, 'ndcg_10': 0.1979962243358512, 'lndcg_5': 0.2603686365985684, 'lndcg_10': 0.2855009772092852, 'lndcg1_5': 0.26125124913166636, 'lndcg1_10': 0.2863835897423832, 'ndcg1_5': 0.17232908562531876, 'ndcg1_10': 0.19887883686894917}]
2023-08-11 18:57:08,762 - allrank.utils.ltr_logging - INFO - created paths container PathsContainer(local_base_output_path='results-new/', base_output_path='results-new/', output_dir='results-new/results\\analiseordinalyahoo', tensorboard_output_path='results-new/tb_evals\\single\\analiseordinalyahoo', config_path='localtemp_config.json')
2023-08-11 18:57:08,786 - allrank.utils.ltr_logging - INFO - Config:
 {'click_model': None,
 'data': DataConfig(path='D:\\Colecoes\\BD\\yahoo-c14\\l2r', num_workers=0, batch_size=20, slate_length=100, validation_ds_role='vali'),
 'detect_anomaly': True,
 'expected_metrics': {'val': {'georisk_10': 0.0,
                              'lndcg_10': 0.0,
                              'lndcg_5': 0.0,
                              'ndcg_10': 0.0,
                              'ndcg_5': 0.0}},
 'loss': NameArgsConfig(name='ordinal', args={'normalized': 0, 'n': 5}),
 'lr_scheduler': NameArgsConfig(name=None, args={'step_size': 800, 'gamma': 0.5}),
 'metrics': defaultdict(<class 'list'>,
                        {'georisk': [10],
                         'lndcg': [5,
                                   10],
                         'lndcg1': [5,
                                    10],
                         'ndcg': [5,
                                  10],
                         'ndcg1': [5,
                                   10]}),
 'model': ModelConfig(fc_model={}, transformer=TransformerConfig(N=2, d_ff=32, h=2, positional_encoding=None, dropout=0.3), post_model={'output_activation': 'Sigmoid', 'd_output': 5}),
 'optimizer': NameArgsConfig(name='Adam', args={'lr': 0.0001}),
 'training': TrainingConfig(epochs=1, gradient_clipping_norm=None, early_stopping_patience=100),
 'val_metric': 'ndcg_10'}
2023-08-11 18:57:08,786 - allrank.utils.ltr_logging - INFO - will execute copy "localtemp_config.json" "results-new/results\analiseordinalyahoo\used_config.json"
2023-08-11 18:57:08,818 - allrank.utils.ltr_logging - INFO - exit_code = 0
2023-08-11 18:57:08,819 - allrank.utils.ltr_logging - INFO - will load train data from D:\Colecoes\BD\yahoo-c14\l2r\Norm.train.txt
2023-08-11 18:57:13,414 - allrank.utils.ltr_logging - INFO - loaded dataset from <_io.BufferedReader name='D:\\Colecoes\\BD\\yahoo-c14\\l2r\\Norm.train.txt'> and got x shape (34815, 700), y shape (34815,) and query_ids shape (34815,)
2023-08-11 18:57:13,471 - allrank.utils.ltr_logging - INFO - loaded dataset with 1266 queries
2023-08-11 18:57:13,472 - allrank.utils.ltr_logging - INFO - longest query had 117 documents
2023-08-11 18:57:13,479 - allrank.utils.ltr_logging - INFO - train DS shape: [1266, 117, 700]
2023-08-11 18:57:13,480 - allrank.utils.ltr_logging - INFO - will load vali data from D:\Colecoes\BD\yahoo-c14\l2r\Norm.vali.txt
2023-08-11 18:57:18,104 - allrank.utils.ltr_logging - INFO - loaded dataset from <_io.BufferedReader name='D:\\Colecoes\\BD\\yahoo-c14\\l2r\\Norm.vali.txt'> and got x shape (34881, 700), y shape (34881,) and query_ids shape (34881,)
2023-08-11 18:57:18,161 - allrank.utils.ltr_logging - INFO - loaded dataset with 1266 queries
2023-08-11 18:57:18,162 - allrank.utils.ltr_logging - INFO - longest query had 118 documents
2023-08-11 18:57:18,169 - allrank.utils.ltr_logging - INFO - vali DS shape: [1266, 118, 700]
2023-08-11 18:57:18,170 - allrank.utils.ltr_logging - INFO - Will pad to the longest slate: 118
2023-08-11 18:57:18,170 - allrank.utils.ltr_logging - INFO - will load test data from D:\Colecoes\BD\yahoo-c14\l2r\Norm.test.txt
2023-08-11 18:57:22,845 - allrank.utils.ltr_logging - INFO - loaded dataset from <_io.BufferedReader name='D:\\Colecoes\\BD\\yahoo-c14\\l2r\\Norm.test.txt'> and got x shape (34881, 700), y shape (34881,) and query_ids shape (34881,)
2023-08-11 18:57:22,901 - allrank.utils.ltr_logging - INFO - loaded dataset with 1266 queries
2023-08-11 18:57:22,902 - allrank.utils.ltr_logging - INFO - longest query had 118 documents
2023-08-11 18:57:22,909 - allrank.utils.ltr_logging - INFO - test DS shape: [1266, 118, 700]
2023-08-11 18:57:22,910 - allrank.utils.ltr_logging - INFO - Will pad to the longest slate: 118
2023-08-11 18:57:22,912 - allrank.utils.ltr_logging - INFO - total batch size is 20
2023-08-11 18:57:22,912 - allrank.utils.ltr_logging - INFO - Model training will execute on cpu
2023-08-11 18:57:22,951 - allrank.utils.ltr_logging - INFO - Model has 4027169 trainable parameters
2023-08-11 18:57:22,952 - allrank.utils.ltr_logging - INFO - Current learning rate: 0.0001
2023-08-11 19:05:07,813 - allrank.utils.ltr_logging - INFO - Epoch : 0 Train loss: 1.418852754490447 Val loss: 1.1893087864675416 Train ndcg_5 0.48142337799072266 Train ndcg_10 0.5585814118385315 Train lndcg_5 0.5859180688858032 Train lndcg_10 0.6494959592819214 Train lndcg1_5 0.6111778020858765 Train lndcg1_10 0.6753978133201599 Train ndcg1_5 0.5172927975654602 Train ndcg1_10 0.5925810933113098 Train georisk_10 0.48074090480804443 Val ndcg_5 0.5786207318305969 Val ndcg_10 0.6423277854919434 Val lndcg_5 0.6584728360176086 Val lndcg_10 0.7089726328849792 Val lndcg1_5 0.6766402721405029 Val lndcg1_10 0.7271400690078735 Val ndcg1_5 0.5967880487442017 Val ndcg1_10 0.6604952216148376 Val georisk_10 0.5218533277511597
2023-08-11 19:05:07,814 - allrank.utils.ltr_logging - INFO - Current:0.6423277854919434 Best:0.0
2023-08-11 19:05:27,617 - allrank.utils.ltr_logging - INFO - MY-flag writted predictions - because model is best on validation. Test metrics: {'ndcg_5': 0.5786207182428684, 'ndcg_10': 0.6423278000871682, 'lndcg_5': 0.6584729049472546, 'lndcg_10': 0.7089731706137191, 'lndcg1_5': 0.6766403615033368, 'lndcg1_10': 0.7271406271698012, 'ndcg1_5': 0.5967881747989505, 'ndcg1_10': 0.6604952566432503} 
2023-08-11 19:05:27,617 - allrank.utils.ltr_logging - INFO - Ending execution. Train Losses:
[1.418852754490447]
2023-08-11 19:05:27,618 - allrank.utils.ltr_logging - INFO - Ending execution. Validation Losses (not used to train):
[1.1893087864675416]
2023-08-11 19:05:27,618 - allrank.utils.ltr_logging - INFO - Ending execution. Train Metrics Evolution:
[{'ndcg_5': 0.48142338, 'ndcg_10': 0.5585814, 'lndcg_5': 0.58591807, 'lndcg_10': 0.64949596, 'lndcg1_5': 0.6111778, 'lndcg1_10': 0.6753978, 'ndcg1_5': 0.5172928, 'ndcg1_10': 0.5925811, 'georisk_10': 0.4807409}]
2023-08-11 19:05:27,619 - allrank.utils.ltr_logging - INFO - Ending execution. Validation Metrics Evolution:
[{'ndcg_5': 0.57862073, 'ndcg_10': 0.6423278, 'lndcg_5': 0.65847284, 'lndcg_10': 0.70897263, 'lndcg1_5': 0.6766403, 'lndcg1_10': 0.72714007, 'ndcg1_5': 0.59678805, 'ndcg1_10': 0.6604952, 'georisk_10': 0.5218533}]
2023-08-11 19:05:27,619 - allrank.utils.ltr_logging - INFO - Ending execution. Test Metrics Evolution:
[{'ndcg_5': 0.5786207182428684, 'ndcg_10': 0.6423278000871682, 'lndcg_5': 0.6584729049472546, 'lndcg_10': 0.7089731706137191, 'lndcg1_5': 0.6766403615033368, 'lndcg1_10': 0.7271406271698012, 'ndcg1_5': 0.5967881747989505, 'ndcg1_10': 0.6604952566432503}]
