2021-07-06 13:08:09,051 - allrank.utils.ltr_logging - INFO - created paths container PathsContainer(local_base_output_path='results-new/', base_output_path='results-new/', output_dir='results-new/results\\id3', tensorboard_output_path='results-new/tb_evals\\single\\id3', config_path='localtemp_config.json')
2021-07-06 13:08:09,053 - allrank.utils.ltr_logging - INFO - Config:
 {'click_model': None,
 'data': DataConfig(path='D:\\Colecoes\\BD\\MQ2007\\MQ2007\\Fold1', num_workers=0, batch_size=100, slate_length=100, validation_ds_role='vali'),
 'detect_anomaly': True,
 'expected_metrics': {'val': {'georisk_10': 0.0,
                              'lndcg_10': 0.0,
                              'lndcg_5': 0.0,
                              'ndcg_10': 0.0,
                              'ndcg_5': 0.0}},
 'loss': NameArgsConfig(name='listNet', args={}),
 'lr_scheduler': NameArgsConfig(name='StepLR', args={'step_size': 800, 'gamma': 0.5}),
 'metrics': defaultdict(<class 'list'>,
                        {'georisk': [10],
                         'lndcg': [5,
                                   10],
                         'ndcg': [5,
                                  10]}),
 'model': ModelConfig(fc_model={}, transformer=TransformerConfig(N=2, d_ff=64, h=2, positional_encoding=None, dropout=0.3), post_model={'output_activation': 'Sigmoid', 'd_output': 1}),
 'optimizer': NameArgsConfig(name='Adam', args={'lr': 0.0001}),
 'training': TrainingConfig(epochs=2, gradient_clipping_norm=None, early_stopping_patience=100),
 'val_metric': 'ndcg_10'}
2021-07-06 13:08:09,053 - allrank.utils.ltr_logging - INFO - will execute copy "localtemp_config.json" "results-new/results\id3\used_config.json"
2021-07-06 13:08:09,065 - allrank.utils.ltr_logging - INFO - exit_code = 0
2021-07-06 13:08:09,065 - allrank.utils.ltr_logging - INFO - will load train data from D:\Colecoes\BD\MQ2007\MQ2007\Fold1\Norm.train.txt
2021-07-06 13:08:10,295 - allrank.utils.ltr_logging - INFO - loaded dataset from <_io.BufferedReader name='D:\\Colecoes\\BD\\MQ2007\\MQ2007\\Fold1\\Norm.train.txt'> and got x shape (42158, 46), y shape (42158,) and query_ids shape (42158,)
2021-07-06 13:08:10,305 - allrank.utils.ltr_logging - INFO - loaded dataset with 1017 queries
2021-07-06 13:08:10,305 - allrank.utils.ltr_logging - INFO - longest query had 147 documents
2021-07-06 13:08:10,307 - allrank.utils.ltr_logging - INFO - train DS shape: [1017, 147, 46]
2021-07-06 13:08:10,307 - allrank.utils.ltr_logging - INFO - will load vali data from D:\Colecoes\BD\MQ2007\MQ2007\Fold1\Norm.vali.txt
2021-07-06 13:08:10,718 - allrank.utils.ltr_logging - INFO - loaded dataset from <_io.BufferedReader name='D:\\Colecoes\\BD\\MQ2007\\MQ2007\\Fold1\\Norm.vali.txt'> and got x shape (13813, 46), y shape (13813,) and query_ids shape (13813,)
2021-07-06 13:08:10,722 - allrank.utils.ltr_logging - INFO - loaded dataset with 339 queries
2021-07-06 13:08:10,722 - allrank.utils.ltr_logging - INFO - longest query had 88 documents
2021-07-06 13:08:10,723 - allrank.utils.ltr_logging - INFO - vali DS shape: [339, 88, 46]
2021-07-06 13:08:10,723 - allrank.utils.ltr_logging - INFO - Will pad to the longest slate: 88
2021-07-06 13:08:10,723 - allrank.utils.ltr_logging - INFO - will load test data from D:\Colecoes\BD\MQ2007\MQ2007\Fold1\Norm.test.txt
2021-07-06 13:08:11,229 - allrank.utils.ltr_logging - INFO - loaded dataset from <_io.BufferedReader name='D:\\Colecoes\\BD\\MQ2007\\MQ2007\\Fold1\\Norm.test.txt'> and got x shape (13652, 46), y shape (13652,) and query_ids shape (13652,)
2021-07-06 13:08:11,235 - allrank.utils.ltr_logging - INFO - loaded dataset with 336 queries
2021-07-06 13:08:11,235 - allrank.utils.ltr_logging - INFO - longest query had 80 documents
2021-07-06 13:08:11,236 - allrank.utils.ltr_logging - INFO - test DS shape: [336, 80, 46]
2021-07-06 13:08:11,236 - allrank.utils.ltr_logging - INFO - Will pad to the longest slate: 80
2021-07-06 13:08:11,237 - allrank.utils.ltr_logging - INFO - total batch size is 100
2021-07-06 13:08:11,237 - allrank.utils.ltr_logging - INFO - Model training will execute on cpu
2021-07-06 13:08:11,247 - allrank.utils.ltr_logging - INFO - Model has 29799 trainable parameters
2021-07-06 13:08:11,247 - allrank.utils.ltr_logging - INFO - Current learning rate: 0.0001
2021-07-06 13:09:07,265 - allrank.utils.ltr_logging - INFO - Epoch : 0 Train loss: 3.7121511213664578 Val loss: 3.7002954096217424 Train ndcg_5 0.21511659026145935 Train ndcg_10 0.2501601278781891 Train lndcg_5 0.22945164144039154 Train lndcg_10 0.25983381271362305 Train georisk_10 0.33288171887397766 Val ndcg_5 0.23401470482349396 Val ndcg_10 0.27453213930130005 Val lndcg_5 0.24384906888008118 Val lndcg_10 0.28256887197494507 Val georisk_10 0.33927762508392334
2021-07-06 13:09:07,265 - allrank.utils.ltr_logging - INFO - Current:0.27453213930130005 Best:0.0
2021-07-06 13:09:09,156 - allrank.utils.ltr_logging - INFO - MY-flag writted predictions - because model is best on validation. Test metrics: {'ndcg_5': 0.24316030242502795, 'ndcg_10': 0.27466088530219446, 'lndcg_5': 0.25336954334713696, 'lndcg_10': 0.283211598397338} 
2021-07-06 13:09:09,156 - allrank.utils.ltr_logging - INFO - Current learning rate: 0.0001
2021-07-06 13:09:54,162 - allrank.utils.ltr_logging - INFO - Epoch : 1 Train loss: 3.712018268767125 Val loss: 3.7002927441160938 Train ndcg_5 0.2125246375799179 Train ndcg_10 0.24513818323612213 Train lndcg_5 0.22662308812141418 Train lndcg_10 0.257813423871994 Train georisk_10 0.3347569704055786 Val ndcg_5 0.2453288584947586 Val ndcg_10 0.28806599974632263 Val lndcg_5 0.25560513138771057 Val lndcg_10 0.2965925633907318 Val georisk_10 0.3473791480064392
2021-07-06 13:09:54,163 - allrank.utils.ltr_logging - INFO - Current:0.28806599974632263 Best:0.27453213930130005
2021-07-06 13:09:56,389 - allrank.utils.ltr_logging - INFO - MY-flag writted predictions - because model is best on validation. Test metrics: {'ndcg_5': 0.26046119938230233, 'ndcg_10': 0.29205676942892833, 'lndcg_5': 0.2706671118965409, 'lndcg_10': 0.30061575293046083} 
2021-07-06 13:09:56,389 - allrank.utils.ltr_logging - INFO - Ending execution. Train Losses:
[3.7121511213664578, 3.712018268767125]
2021-07-06 13:09:56,390 - allrank.utils.ltr_logging - INFO - Ending execution. Validation Losses (not used to train):
[3.7002954096217424, 3.7002927441160938]
2021-07-06 13:09:56,390 - allrank.utils.ltr_logging - INFO - Ending execution. Train Metrics Evolution:
[{'ndcg_5': 0.21511659, 'ndcg_10': 0.25016013, 'lndcg_5': 0.22945164, 'lndcg_10': 0.2598338, 'georisk_10': 0.33288172}, {'ndcg_5': 0.21252464, 'ndcg_10': 0.24513818, 'lndcg_5': 0.22662309, 'lndcg_10': 0.25781342, 'georisk_10': 0.33475697}]
2021-07-06 13:09:56,390 - allrank.utils.ltr_logging - INFO - Ending execution. Validation Metrics Evolution:
[{'ndcg_5': 0.2340147, 'ndcg_10': 0.27453214, 'lndcg_5': 0.24384907, 'lndcg_10': 0.28256887, 'georisk_10': 0.33927763}, {'ndcg_5': 0.24532886, 'ndcg_10': 0.288066, 'lndcg_5': 0.25560513, 'lndcg_10': 0.29659256, 'georisk_10': 0.34737915}]
2021-07-06 13:09:56,390 - allrank.utils.ltr_logging - INFO - Ending execution. Test Metrics Evolution:
[{'ndcg_5': 0.24316030242502795, 'ndcg_10': 0.27466088530219446, 'lndcg_5': 0.25336954334713696, 'lndcg_10': 0.283211598397338}, {'ndcg_5': 0.26046119938230233, 'ndcg_10': 0.29205676942892833, 'lndcg_5': 0.2706671118965409, 'lndcg_10': 0.30061575293046083}]
